<?xml version="1.0" encoding="UTF-8"?>
<!-- Generated by org.testng.reporters.JUnitReportReporter -->
<testsuite skipped="0" hostname="TY-MF-050" name="appiumDemoPro.BobbleCase1Test" tests="1" failures="0" timestamp="02 May 2018 08:55:58 GMT" time="63.515" errors="0">
  <testcase name="languageTabTest" time="63.515" classname="appiumDemoPro.BobbleCase1Test"/>
</testsuite> <!-- appiumDemoPro.BobbleCase1Test -->
