<?xml version="1.0" encoding="UTF-8"?>
<!-- Generated by org.testng.reporters.JUnitReportReporter -->
<testsuite skipped="0" hostname="TY-MF-050" name="appiumDemoPro.ByjusTest" tests="1" failures="0" timestamp="10 Apr 2018 09:07:26 GMT" time="0.340" errors="0">
  <testcase name="byjusPocTest" time="0.340" classname="appiumDemoPro.ByjusTest"/>
</testsuite> <!-- appiumDemoPro.ByjusTest -->
