<?xml version="1.0" encoding="UTF-8"?>
<!-- Generated by org.testng.reporters.JUnitReportReporter -->
<testsuite skipped="0" hostname="TY-MF-050" name="appiumDemoPro.BobbleTest" tests="1" failures="0" timestamp="02 May 2018 08:55:58 GMT" time="69.109" errors="0">
  <testcase name="themeTabTestCase" time="69.109" classname="appiumDemoPro.BobbleTest"/>
</testsuite> <!-- appiumDemoPro.BobbleTest -->
