<?xml version="1.0" encoding="UTF-8"?>
<!-- Generated by org.testng.reporters.JUnitReportReporter -->
<testsuite skipped="0" hostname="TY-MF-050" name="com.skypeForBusiness.tests.SkypeScannerBotTest" tests="1" failures="0" timestamp="22 May 2018 06:45:47 GMT" time="96.152" errors="0">
  <testcase name="skypeScannerBotTest" time="96.152" classname="com.skypeForBusiness.tests.SkypeScannerBotTest"/>
</testsuite> <!-- com.skypeForBusiness.tests.SkypeScannerBotTest -->
