<?xml version="1.0" encoding="UTF-8"?>
<!-- Generated by org.testng.reporters.JUnitReportReporter -->
<testsuite skipped="0" hostname="TY-MF-050" name="appiumDemoPro.BoblleTest" tests="1" failures="0" timestamp="24 Apr 2018 05:23:55 GMT" time="121.208" errors="0">
  <testcase name="addLanguage" time="121.208" classname="appiumDemoPro.BoblleTest"/>
</testsuite> <!-- appiumDemoPro.BoblleTest -->
