<?xml version="1.0" encoding="UTF-8"?>
<!-- Generated by org.testng.reporters.JUnitReportReporter -->
<testsuite skipped="0" hostname="TY-MF-050" name="demp.VerifyTitle" tests="1" failures="0" timestamp="23 Apr 2018 08:33:08 GMT" time="235.456" errors="0">
  <testcase name="verifyBlogTitle" time="235.456" classname="demp.VerifyTitle"/>
</testsuite> <!-- demp.VerifyTitle -->
